c:\program files (x86)\the game creators\unofficial r114 -- vs2017 -- 2017-10-15\darkgdk - unofficial r114.2017.10.15(full source)\darkgdk\code\compiler - visual studio 9\basic3d\release\cbounds.obj
c:\program files (x86)\the game creators\unofficial r114 -- vs2017 -- 2017-10-15\darkgdk - unofficial r114.2017.10.15(full source)\darkgdk\code\compiler - visual studio 9\basic3d\release\commonc.obj
c:\program files (x86)\the game creators\unofficial r114 -- vs2017 -- 2017-10-15\darkgdk - unofficial r114.2017.10.15(full source)\darkgdk\code\compiler - visual studio 9\basic3d\release\cobjectsc.obj
c:\program files (x86)\the game creators\unofficial r114 -- vs2017 -- 2017-10-15\darkgdk - unofficial r114.2017.10.15(full source)\darkgdk\code\compiler - visual studio 9\basic3d\release\cobjectmanagerc.obj
c:\program files (x86)\the game creators\unofficial r114 -- vs2017 -- 2017-10-15\darkgdk - unofficial r114.2017.10.15(full source)\darkgdk\code\compiler - visual studio 9\basic3d\release\clightmaps.obj
c:\program files (x86)\the game creators\unofficial r114 -- vs2017 -- 2017-10-15\darkgdk - unofficial r114.2017.10.15(full source)\darkgdk\code\compiler - visual studio 9\basic3d\release\polypool.obj
c:\program files (x86)\the game creators\unofficial r114 -- vs2017 -- 2017-10-15\darkgdk - unofficial r114.2017.10.15(full source)\darkgdk\code\compiler - visual studio 9\basic3d\release\ccollision.obj
c:\program files (x86)\the game creators\unofficial r114 -- vs2017 -- 2017-10-15\darkgdk - unofficial r114.2017.10.15(full source)\darkgdk\code\compiler - visual studio 9\basic3d\release\cboxcol.obj
c:\program files (x86)\the game creators\unofficial r114 -- vs2017 -- 2017-10-15\darkgdk - unofficial r114.2017.10.15(full source)\darkgdk\code\compiler - visual studio 9\basic3d\release\3dcol.obj
c:\program files (x86)\the game creators\unofficial r114 -- vs2017 -- 2017-10-15\darkgdk - unofficial r114.2017.10.15(full source)\darkgdk\code\compiler - visual studio 9\basic3d\release\nvmeshmenderd3dx.obj
c:\program files (x86)\the game creators\unofficial r114 -- vs2017 -- 2017-10-15\darkgdk - unofficial r114.2017.10.15(full source)\darkgdk\code\compiler - visual studio 9\basic3d\release\dborawmesh.obj
c:\program files (x86)\the game creators\unofficial r114 -- vs2017 -- 2017-10-15\darkgdk - unofficial r114.2017.10.15(full source)\darkgdk\code\compiler - visual studio 9\basic3d\release\dbomesh.obj
c:\program files (x86)\the game creators\unofficial r114 -- vs2017 -- 2017-10-15\darkgdk - unofficial r114.2017.10.15(full source)\darkgdk\code\compiler - visual studio 9\basic3d\release\dboframe.obj
c:\program files (x86)\the game creators\unofficial r114 -- vs2017 -- 2017-10-15\darkgdk - unofficial r114.2017.10.15(full source)\darkgdk\code\compiler - visual studio 9\basic3d\release\dboformat.obj
c:\program files (x86)\the game creators\unofficial r114 -- vs2017 -- 2017-10-15\darkgdk - unofficial r114.2017.10.15(full source)\darkgdk\code\compiler - visual studio 9\basic3d\release\dbofile.obj
c:\program files (x86)\the game creators\unofficial r114 -- vs2017 -- 2017-10-15\darkgdk - unofficial r114.2017.10.15(full source)\darkgdk\code\compiler - visual studio 9\basic3d\release\dboexternals.obj
c:\program files (x86)\the game creators\unofficial r114 -- vs2017 -- 2017-10-15\darkgdk - unofficial r114.2017.10.15(full source)\darkgdk\code\compiler - visual studio 9\basic3d\release\dboeffects.obj
c:\program files (x86)\the game creators\unofficial r114 -- vs2017 -- 2017-10-15\darkgdk - unofficial r114.2017.10.15(full source)\darkgdk\code\compiler - visual studio 9\basic3d\release\dbodata.obj
c:\program files (x86)\the game creators\unofficial r114 -- vs2017 -- 2017-10-15\darkgdk - unofficial r114.2017.10.15(full source)\darkgdk\code\compiler - visual studio 9\basic3d\release\dboblock.obj
c:\program files (x86)\the game creators\unofficial r114 -- vs2017 -- 2017-10-15\darkgdk - unofficial r114.2017.10.15(full source)\darkgdk\code\compiler - visual studio 9\basic3d\release\cdatac.obj
c:\program files (x86)\the game creators\unofficial r114 -- vs2017 -- 2017-10-15\darkgdk - unofficial r114.2017.10.15(full source)\darkgdk\code\compiler - visual studio 9\basic3d\release\universe.obj
c:\program files (x86)\the game creators\unofficial r114 -- vs2017 -- 2017-10-15\darkgdk - unofficial r114.2017.10.15(full source)\darkgdk\code\compiler - visual studio 9\basic3d\release\col_types.obj
c:\program files (x86)\the game creators\unofficial r114 -- vs2017 -- 2017-10-15\darkgdk - unofficial r114.2017.10.15(full source)\darkgdk\code\compiler - visual studio 9\basic3d\release\col_step.obj
c:\program files (x86)\the game creators\unofficial r114 -- vs2017 -- 2017-10-15\darkgdk - unofficial r114.2017.10.15(full source)\darkgdk\code\compiler - visual studio 9\basic3d\release\col_response.obj
c:\program files (x86)\the game creators\unofficial r114 -- vs2017 -- 2017-10-15\darkgdk - unofficial r114.2017.10.15(full source)\darkgdk\code\compiler - visual studio 9\basic3d\release\collision.obj
c:\program files (x86)\the game creators\unofficial r114 -- vs2017 -- 2017-10-15\darkgdk - unofficial r114.2017.10.15(full source)\darkgdk\code\compiler - visual studio 9\basic3d\release\csg.obj
c:\program files (x86)\the game creators\unofficial r114 -- vs2017 -- 2017-10-15\darkgdk - unofficial r114.2017.10.15(full source)\darkgdk\code\compiler - visual studio 9\basic3d\release\cpositionc.obj
c:\program files (x86)\the game creators\unofficial r114 -- vs2017 -- 2017-10-15\darkgdk - unofficial r114.2017.10.15(full source)\darkgdk\code\compiler - visual studio 9\basic3d\release\processhsr.obj
c:\program files (x86)\the game creators\unofficial r114 -- vs2017 -- 2017-10-15\darkgdk - unofficial r114.2017.10.15(full source)\darkgdk\code\compiler - visual studio 9\basic3d\release\cvector.obj
c:\program files (x86)\the game creators\unofficial r114 -- vs2017 -- 2017-10-15\darkgdk - unofficial r114.2017.10.15(full source)\darkgdk\code\compiler - visual studio 9\basic3d\release\cportals.obj
c:\program files (x86)\the game creators\unofficial r114 -- vs2017 -- 2017-10-15\darkgdk - unofficial r114.2017.10.15(full source)\darkgdk\code\compiler - visual studio 9\basic3d\release\cplane.obj
c:\program files (x86)\the game creators\unofficial r114 -- vs2017 -- 2017-10-15\darkgdk - unofficial r114.2017.10.15(full source)\darkgdk\code\compiler - visual studio 9\basic3d\release\compilertypes.obj
c:\program files (x86)\the game creators\unofficial r114 -- vs2017 -- 2017-10-15\darkgdk - unofficial r114.2017.10.15(full source)\darkgdk\code\compiler - visual studio 9\basic3d\release\ccompiler.obj
c:\program files (x86)\the game creators\unofficial r114 -- vs2017 -- 2017-10-15\darkgdk - unofficial r114.2017.10.15(full source)\darkgdk\code\compiler - visual studio 9\basic3d\release\cbsptree.obj
c:\program files (x86)\the game creators\unofficial r114 -- vs2017 -- 2017-10-15\darkgdk - unofficial r114.2017.10.15(full source)\darkgdk\code\lib\vs9\basic3d.lib
c:\program files (x86)\the game creators\unofficial r114 -- vs2017 -- 2017-10-15\darkgdk - unofficial r114.2017.10.15(full source)\darkgdk\code\compiler - visual studio 9\basic3d\release\basic3d.tlog\cl.command.1.tlog
c:\program files (x86)\the game creators\unofficial r114 -- vs2017 -- 2017-10-15\darkgdk - unofficial r114.2017.10.15(full source)\darkgdk\code\compiler - visual studio 9\basic3d\release\basic3d.tlog\cl.read.1.tlog
c:\program files (x86)\the game creators\unofficial r114 -- vs2017 -- 2017-10-15\darkgdk - unofficial r114.2017.10.15(full source)\darkgdk\code\compiler - visual studio 9\basic3d\release\basic3d.tlog\cl.write.1.tlog
c:\program files (x86)\the game creators\unofficial r114 -- vs2017 -- 2017-10-15\darkgdk - unofficial r114.2017.10.15(full source)\darkgdk\code\compiler - visual studio 9\basic3d\release\basic3d.tlog\lib-link.read.1.tlog
c:\program files (x86)\the game creators\unofficial r114 -- vs2017 -- 2017-10-15\darkgdk - unofficial r114.2017.10.15(full source)\darkgdk\code\compiler - visual studio 9\basic3d\release\basic3d.tlog\lib-link.write.1.tlog
c:\program files (x86)\the game creators\unofficial r114 -- vs2017 -- 2017-10-15\darkgdk - unofficial r114.2017.10.15(full source)\darkgdk\code\compiler - visual studio 9\basic3d\release\basic3d.tlog\lib.command.1.tlog
