c:\program files (x86)\the game creators\unofficial r114 -- vs2017 -- 2017-10-15\darkgdk - unofficial r114.2017.10.15(full source)\darkgdk\code\compiler - visual studio 9\basic3d\debug\basic3d.bsc
c:\program files (x86)\the game creators\unofficial r114 -- vs2017 -- 2017-10-15\darkgdk - unofficial r114.2017.10.15(full source)\darkgdk\code\compiler - visual studio 9\basic3d\debug\cdatac.sbr
c:\program files (x86)\the game creators\unofficial r114 -- vs2017 -- 2017-10-15\darkgdk - unofficial r114.2017.10.15(full source)\darkgdk\code\compiler - visual studio 9\basic3d\debug\dboblock.sbr
c:\program files (x86)\the game creators\unofficial r114 -- vs2017 -- 2017-10-15\darkgdk - unofficial r114.2017.10.15(full source)\darkgdk\code\compiler - visual studio 9\basic3d\debug\dbodata.sbr
c:\program files (x86)\the game creators\unofficial r114 -- vs2017 -- 2017-10-15\darkgdk - unofficial r114.2017.10.15(full source)\darkgdk\code\compiler - visual studio 9\basic3d\debug\dboeffects.sbr
c:\program files (x86)\the game creators\unofficial r114 -- vs2017 -- 2017-10-15\darkgdk - unofficial r114.2017.10.15(full source)\darkgdk\code\compiler - visual studio 9\basic3d\debug\dboexternals.sbr
c:\program files (x86)\the game creators\unofficial r114 -- vs2017 -- 2017-10-15\darkgdk - unofficial r114.2017.10.15(full source)\darkgdk\code\compiler - visual studio 9\basic3d\debug\dbofile.sbr
c:\program files (x86)\the game creators\unofficial r114 -- vs2017 -- 2017-10-15\darkgdk - unofficial r114.2017.10.15(full source)\darkgdk\code\compiler - visual studio 9\basic3d\debug\dboformat.sbr
c:\program files (x86)\the game creators\unofficial r114 -- vs2017 -- 2017-10-15\darkgdk - unofficial r114.2017.10.15(full source)\darkgdk\code\compiler - visual studio 9\basic3d\debug\dboframe.sbr
c:\program files (x86)\the game creators\unofficial r114 -- vs2017 -- 2017-10-15\darkgdk - unofficial r114.2017.10.15(full source)\darkgdk\code\compiler - visual studio 9\basic3d\debug\dbomesh.sbr
c:\program files (x86)\the game creators\unofficial r114 -- vs2017 -- 2017-10-15\darkgdk - unofficial r114.2017.10.15(full source)\darkgdk\code\compiler - visual studio 9\basic3d\debug\dborawmesh.sbr
c:\program files (x86)\the game creators\unofficial r114 -- vs2017 -- 2017-10-15\darkgdk - unofficial r114.2017.10.15(full source)\darkgdk\code\compiler - visual studio 9\basic3d\debug\nvmeshmenderd3dx.sbr
c:\program files (x86)\the game creators\unofficial r114 -- vs2017 -- 2017-10-15\darkgdk - unofficial r114.2017.10.15(full source)\darkgdk\code\compiler - visual studio 9\basic3d\debug\3dcol.sbr
c:\program files (x86)\the game creators\unofficial r114 -- vs2017 -- 2017-10-15\darkgdk - unofficial r114.2017.10.15(full source)\darkgdk\code\compiler - visual studio 9\basic3d\debug\cboxcol.sbr
c:\program files (x86)\the game creators\unofficial r114 -- vs2017 -- 2017-10-15\darkgdk - unofficial r114.2017.10.15(full source)\darkgdk\code\compiler - visual studio 9\basic3d\debug\ccollision.sbr
c:\program files (x86)\the game creators\unofficial r114 -- vs2017 -- 2017-10-15\darkgdk - unofficial r114.2017.10.15(full source)\darkgdk\code\compiler - visual studio 9\basic3d\debug\polypool.sbr
c:\program files (x86)\the game creators\unofficial r114 -- vs2017 -- 2017-10-15\darkgdk - unofficial r114.2017.10.15(full source)\darkgdk\code\compiler - visual studio 9\basic3d\debug\clightmaps.sbr
c:\program files (x86)\the game creators\unofficial r114 -- vs2017 -- 2017-10-15\darkgdk - unofficial r114.2017.10.15(full source)\darkgdk\code\compiler - visual studio 9\basic3d\debug\cobjectmanagerc.sbr
c:\program files (x86)\the game creators\unofficial r114 -- vs2017 -- 2017-10-15\darkgdk - unofficial r114.2017.10.15(full source)\darkgdk\code\compiler - visual studio 9\basic3d\debug\cobjectsc.sbr
c:\program files (x86)\the game creators\unofficial r114 -- vs2017 -- 2017-10-15\darkgdk - unofficial r114.2017.10.15(full source)\darkgdk\code\compiler - visual studio 9\basic3d\debug\commonc.sbr
c:\program files (x86)\the game creators\unofficial r114 -- vs2017 -- 2017-10-15\darkgdk - unofficial r114.2017.10.15(full source)\darkgdk\code\compiler - visual studio 9\basic3d\debug\cbounds.sbr
c:\program files (x86)\the game creators\unofficial r114 -- vs2017 -- 2017-10-15\darkgdk - unofficial r114.2017.10.15(full source)\darkgdk\code\compiler - visual studio 9\basic3d\debug\cbounds.obj
c:\program files (x86)\the game creators\unofficial r114 -- vs2017 -- 2017-10-15\darkgdk - unofficial r114.2017.10.15(full source)\darkgdk\code\compiler - visual studio 9\basic3d\debug\commonc.obj
c:\program files (x86)\the game creators\unofficial r114 -- vs2017 -- 2017-10-15\darkgdk - unofficial r114.2017.10.15(full source)\darkgdk\code\compiler - visual studio 9\basic3d\debug\cobjectsc.obj
c:\program files (x86)\the game creators\unofficial r114 -- vs2017 -- 2017-10-15\darkgdk - unofficial r114.2017.10.15(full source)\darkgdk\code\compiler - visual studio 9\basic3d\debug\cobjectmanagerc.obj
c:\program files (x86)\the game creators\unofficial r114 -- vs2017 -- 2017-10-15\darkgdk - unofficial r114.2017.10.15(full source)\darkgdk\code\compiler - visual studio 9\basic3d\debug\clightmaps.obj
c:\program files (x86)\the game creators\unofficial r114 -- vs2017 -- 2017-10-15\darkgdk - unofficial r114.2017.10.15(full source)\darkgdk\code\compiler - visual studio 9\basic3d\debug\polypool.obj
c:\program files (x86)\the game creators\unofficial r114 -- vs2017 -- 2017-10-15\darkgdk - unofficial r114.2017.10.15(full source)\darkgdk\code\compiler - visual studio 9\basic3d\debug\ccollision.obj
c:\program files (x86)\the game creators\unofficial r114 -- vs2017 -- 2017-10-15\darkgdk - unofficial r114.2017.10.15(full source)\darkgdk\code\compiler - visual studio 9\basic3d\debug\cboxcol.obj
c:\program files (x86)\the game creators\unofficial r114 -- vs2017 -- 2017-10-15\darkgdk - unofficial r114.2017.10.15(full source)\darkgdk\code\compiler - visual studio 9\basic3d\debug\3dcol.obj
c:\program files (x86)\the game creators\unofficial r114 -- vs2017 -- 2017-10-15\darkgdk - unofficial r114.2017.10.15(full source)\darkgdk\code\compiler - visual studio 9\basic3d\debug\nvmeshmenderd3dx.obj
c:\program files (x86)\the game creators\unofficial r114 -- vs2017 -- 2017-10-15\darkgdk - unofficial r114.2017.10.15(full source)\darkgdk\code\compiler - visual studio 9\basic3d\debug\dborawmesh.obj
c:\program files (x86)\the game creators\unofficial r114 -- vs2017 -- 2017-10-15\darkgdk - unofficial r114.2017.10.15(full source)\darkgdk\code\compiler - visual studio 9\basic3d\debug\dbomesh.obj
c:\program files (x86)\the game creators\unofficial r114 -- vs2017 -- 2017-10-15\darkgdk - unofficial r114.2017.10.15(full source)\darkgdk\code\compiler - visual studio 9\basic3d\debug\dboframe.obj
c:\program files (x86)\the game creators\unofficial r114 -- vs2017 -- 2017-10-15\darkgdk - unofficial r114.2017.10.15(full source)\darkgdk\code\compiler - visual studio 9\basic3d\debug\dboformat.obj
c:\program files (x86)\the game creators\unofficial r114 -- vs2017 -- 2017-10-15\darkgdk - unofficial r114.2017.10.15(full source)\darkgdk\code\compiler - visual studio 9\basic3d\debug\dbofile.obj
c:\program files (x86)\the game creators\unofficial r114 -- vs2017 -- 2017-10-15\darkgdk - unofficial r114.2017.10.15(full source)\darkgdk\code\compiler - visual studio 9\basic3d\debug\dboexternals.obj
c:\program files (x86)\the game creators\unofficial r114 -- vs2017 -- 2017-10-15\darkgdk - unofficial r114.2017.10.15(full source)\darkgdk\code\compiler - visual studio 9\basic3d\debug\dboeffects.obj
c:\program files (x86)\the game creators\unofficial r114 -- vs2017 -- 2017-10-15\darkgdk - unofficial r114.2017.10.15(full source)\darkgdk\code\compiler - visual studio 9\basic3d\debug\dbodata.obj
c:\program files (x86)\the game creators\unofficial r114 -- vs2017 -- 2017-10-15\darkgdk - unofficial r114.2017.10.15(full source)\darkgdk\code\compiler - visual studio 9\basic3d\debug\dboblock.obj
c:\program files (x86)\the game creators\unofficial r114 -- vs2017 -- 2017-10-15\darkgdk - unofficial r114.2017.10.15(full source)\darkgdk\code\compiler - visual studio 9\basic3d\debug\cdatac.obj
c:\program files (x86)\the game creators\unofficial r114 -- vs2017 -- 2017-10-15\darkgdk - unofficial r114.2017.10.15(full source)\darkgdk\code\compiler - visual studio 9\basic3d\debug\cbsptree.sbr
c:\program files (x86)\the game creators\unofficial r114 -- vs2017 -- 2017-10-15\darkgdk - unofficial r114.2017.10.15(full source)\darkgdk\code\compiler - visual studio 9\basic3d\debug\ccompiler.sbr
c:\program files (x86)\the game creators\unofficial r114 -- vs2017 -- 2017-10-15\darkgdk - unofficial r114.2017.10.15(full source)\darkgdk\code\compiler - visual studio 9\basic3d\debug\compilertypes.sbr
c:\program files (x86)\the game creators\unofficial r114 -- vs2017 -- 2017-10-15\darkgdk - unofficial r114.2017.10.15(full source)\darkgdk\code\compiler - visual studio 9\basic3d\debug\cplane.sbr
c:\program files (x86)\the game creators\unofficial r114 -- vs2017 -- 2017-10-15\darkgdk - unofficial r114.2017.10.15(full source)\darkgdk\code\compiler - visual studio 9\basic3d\debug\cportals.sbr
c:\program files (x86)\the game creators\unofficial r114 -- vs2017 -- 2017-10-15\darkgdk - unofficial r114.2017.10.15(full source)\darkgdk\code\compiler - visual studio 9\basic3d\debug\cvector.sbr
c:\program files (x86)\the game creators\unofficial r114 -- vs2017 -- 2017-10-15\darkgdk - unofficial r114.2017.10.15(full source)\darkgdk\code\compiler - visual studio 9\basic3d\debug\processhsr.sbr
c:\program files (x86)\the game creators\unofficial r114 -- vs2017 -- 2017-10-15\darkgdk - unofficial r114.2017.10.15(full source)\darkgdk\code\compiler - visual studio 9\basic3d\debug\cpositionc.sbr
c:\program files (x86)\the game creators\unofficial r114 -- vs2017 -- 2017-10-15\darkgdk - unofficial r114.2017.10.15(full source)\darkgdk\code\compiler - visual studio 9\basic3d\debug\csg.sbr
c:\program files (x86)\the game creators\unofficial r114 -- vs2017 -- 2017-10-15\darkgdk - unofficial r114.2017.10.15(full source)\darkgdk\code\compiler - visual studio 9\basic3d\debug\collision.sbr
c:\program files (x86)\the game creators\unofficial r114 -- vs2017 -- 2017-10-15\darkgdk - unofficial r114.2017.10.15(full source)\darkgdk\code\compiler - visual studio 9\basic3d\debug\col_response.sbr
c:\program files (x86)\the game creators\unofficial r114 -- vs2017 -- 2017-10-15\darkgdk - unofficial r114.2017.10.15(full source)\darkgdk\code\compiler - visual studio 9\basic3d\debug\col_step.sbr
c:\program files (x86)\the game creators\unofficial r114 -- vs2017 -- 2017-10-15\darkgdk - unofficial r114.2017.10.15(full source)\darkgdk\code\compiler - visual studio 9\basic3d\debug\col_types.sbr
c:\program files (x86)\the game creators\unofficial r114 -- vs2017 -- 2017-10-15\darkgdk - unofficial r114.2017.10.15(full source)\darkgdk\code\compiler - visual studio 9\basic3d\debug\universe.sbr
c:\program files (x86)\the game creators\unofficial r114 -- vs2017 -- 2017-10-15\darkgdk - unofficial r114.2017.10.15(full source)\darkgdk\code\compiler - visual studio 9\basic3d\debug\universe.obj
c:\program files (x86)\the game creators\unofficial r114 -- vs2017 -- 2017-10-15\darkgdk - unofficial r114.2017.10.15(full source)\darkgdk\code\compiler - visual studio 9\basic3d\debug\col_types.obj
c:\program files (x86)\the game creators\unofficial r114 -- vs2017 -- 2017-10-15\darkgdk - unofficial r114.2017.10.15(full source)\darkgdk\code\compiler - visual studio 9\basic3d\debug\col_step.obj
c:\program files (x86)\the game creators\unofficial r114 -- vs2017 -- 2017-10-15\darkgdk - unofficial r114.2017.10.15(full source)\darkgdk\code\compiler - visual studio 9\basic3d\debug\col_response.obj
c:\program files (x86)\the game creators\unofficial r114 -- vs2017 -- 2017-10-15\darkgdk - unofficial r114.2017.10.15(full source)\darkgdk\code\compiler - visual studio 9\basic3d\debug\collision.obj
c:\program files (x86)\the game creators\unofficial r114 -- vs2017 -- 2017-10-15\darkgdk - unofficial r114.2017.10.15(full source)\darkgdk\code\compiler - visual studio 9\basic3d\debug\csg.obj
c:\program files (x86)\the game creators\unofficial r114 -- vs2017 -- 2017-10-15\darkgdk - unofficial r114.2017.10.15(full source)\darkgdk\code\compiler - visual studio 9\basic3d\debug\cpositionc.obj
c:\program files (x86)\the game creators\unofficial r114 -- vs2017 -- 2017-10-15\darkgdk - unofficial r114.2017.10.15(full source)\darkgdk\code\compiler - visual studio 9\basic3d\debug\processhsr.obj
c:\program files (x86)\the game creators\unofficial r114 -- vs2017 -- 2017-10-15\darkgdk - unofficial r114.2017.10.15(full source)\darkgdk\code\compiler - visual studio 9\basic3d\debug\cvector.obj
c:\program files (x86)\the game creators\unofficial r114 -- vs2017 -- 2017-10-15\darkgdk - unofficial r114.2017.10.15(full source)\darkgdk\code\compiler - visual studio 9\basic3d\debug\cportals.obj
c:\program files (x86)\the game creators\unofficial r114 -- vs2017 -- 2017-10-15\darkgdk - unofficial r114.2017.10.15(full source)\darkgdk\code\compiler - visual studio 9\basic3d\debug\cplane.obj
c:\program files (x86)\the game creators\unofficial r114 -- vs2017 -- 2017-10-15\darkgdk - unofficial r114.2017.10.15(full source)\darkgdk\code\compiler - visual studio 9\basic3d\debug\compilertypes.obj
c:\program files (x86)\the game creators\unofficial r114 -- vs2017 -- 2017-10-15\darkgdk - unofficial r114.2017.10.15(full source)\darkgdk\code\compiler - visual studio 9\basic3d\debug\ccompiler.obj
c:\program files (x86)\the game creators\unofficial r114 -- vs2017 -- 2017-10-15\darkgdk - unofficial r114.2017.10.15(full source)\darkgdk\code\compiler - visual studio 9\basic3d\debug\cbsptree.obj
c:\program files (x86)\the game creators\unofficial r114 -- vs2017 -- 2017-10-15\darkgdk - unofficial r114.2017.10.15(full source)\darkgdk\code\lib\vs9debug\basic3d.lib
c:\program files (x86)\the game creators\unofficial r114 -- vs2017 -- 2017-10-15\darkgdk - unofficial r114.2017.10.15(full source)\darkgdk\code\compiler - visual studio 9\basic3d\debug\basic3d.tlog\bscmake.command.1.tlog
c:\program files (x86)\the game creators\unofficial r114 -- vs2017 -- 2017-10-15\darkgdk - unofficial r114.2017.10.15(full source)\darkgdk\code\compiler - visual studio 9\basic3d\debug\basic3d.tlog\bscmake.read.1.tlog
c:\program files (x86)\the game creators\unofficial r114 -- vs2017 -- 2017-10-15\darkgdk - unofficial r114.2017.10.15(full source)\darkgdk\code\compiler - visual studio 9\basic3d\debug\basic3d.tlog\bscmake.write.1.tlog
c:\program files (x86)\the game creators\unofficial r114 -- vs2017 -- 2017-10-15\darkgdk - unofficial r114.2017.10.15(full source)\darkgdk\code\compiler - visual studio 9\basic3d\debug\basic3d.tlog\cl.command.1.tlog
c:\program files (x86)\the game creators\unofficial r114 -- vs2017 -- 2017-10-15\darkgdk - unofficial r114.2017.10.15(full source)\darkgdk\code\compiler - visual studio 9\basic3d\debug\basic3d.tlog\cl.read.1.tlog
c:\program files (x86)\the game creators\unofficial r114 -- vs2017 -- 2017-10-15\darkgdk - unofficial r114.2017.10.15(full source)\darkgdk\code\compiler - visual studio 9\basic3d\debug\basic3d.tlog\cl.write.1.tlog
c:\program files (x86)\the game creators\unofficial r114 -- vs2017 -- 2017-10-15\darkgdk - unofficial r114.2017.10.15(full source)\darkgdk\code\compiler - visual studio 9\basic3d\debug\basic3d.tlog\lib-link.read.1.tlog
c:\program files (x86)\the game creators\unofficial r114 -- vs2017 -- 2017-10-15\darkgdk - unofficial r114.2017.10.15(full source)\darkgdk\code\compiler - visual studio 9\basic3d\debug\basic3d.tlog\lib-link.write.1.tlog
c:\program files (x86)\the game creators\unofficial r114 -- vs2017 -- 2017-10-15\darkgdk - unofficial r114.2017.10.15(full source)\darkgdk\code\compiler - visual studio 9\basic3d\debug\basic3d.tlog\lib.command.1.tlog
