c:\program files (x86)\the game creators\unofficial r114 -- vs2017 -- 2017-10-15\darkgdk - unofficial r114.2017.10.15(full source)\darkgdk\code\compiler - visual studio 9\core\debug\core.bsc
c:\program files (x86)\the game creators\unofficial r114 -- vs2017 -- 2017-10-15\darkgdk - unofficial r114.2017.10.15(full source)\darkgdk\code\compiler - visual studio 9\core\debug\dbdllcore.sbr
c:\program files (x86)\the game creators\unofficial r114 -- vs2017 -- 2017-10-15\darkgdk - unofficial r114.2017.10.15(full source)\darkgdk\code\compiler - visual studio 9\core\debug\dbdllcoreinternal.sbr
c:\program files (x86)\the game creators\unofficial r114 -- vs2017 -- 2017-10-15\darkgdk - unofficial r114.2017.10.15(full source)\darkgdk\code\compiler - visual studio 9\core\debug\dbdlldisplay.sbr
c:\program files (x86)\the game creators\unofficial r114 -- vs2017 -- 2017-10-15\darkgdk - unofficial r114.2017.10.15(full source)\darkgdk\code\compiler - visual studio 9\core\debug\dbdllext.sbr
c:\program files (x86)\the game creators\unofficial r114 -- vs2017 -- 2017-10-15\darkgdk - unofficial r114.2017.10.15(full source)\darkgdk\code\compiler - visual studio 9\core\debug\dbdllextcalls.sbr
c:\program files (x86)\the game creators\unofficial r114 -- vs2017 -- 2017-10-15\darkgdk - unofficial r114.2017.10.15(full source)\darkgdk\code\compiler - visual studio 9\core\debug\dbdllgdi.sbr
c:\program files (x86)\the game creators\unofficial r114 -- vs2017 -- 2017-10-15\darkgdk - unofficial r114.2017.10.15(full source)\darkgdk\code\compiler - visual studio 9\core\debug\globstruct.sbr
c:\program files (x86)\the game creators\unofficial r114 -- vs2017 -- 2017-10-15\darkgdk - unofficial r114.2017.10.15(full source)\darkgdk\code\compiler - visual studio 9\core\debug\renderlist.sbr
c:\program files (x86)\the game creators\unofficial r114 -- vs2017 -- 2017-10-15\darkgdk - unofficial r114.2017.10.15(full source)\darkgdk\code\compiler - visual studio 9\core\debug\cerror.sbr
c:\program files (x86)\the game creators\unofficial r114 -- vs2017 -- 2017-10-15\darkgdk - unofficial r114.2017.10.15(full source)\darkgdk\code\compiler - visual studio 9\core\debug\encryptor.sbr
c:\program files (x86)\the game creators\unofficial r114 -- vs2017 -- 2017-10-15\darkgdk - unofficial r114.2017.10.15(full source)\darkgdk\code\compiler - visual studio 9\core\debug\encryptor.obj
c:\program files (x86)\the game creators\unofficial r114 -- vs2017 -- 2017-10-15\darkgdk - unofficial r114.2017.10.15(full source)\darkgdk\code\compiler - visual studio 9\core\debug\cerror.obj
c:\program files (x86)\the game creators\unofficial r114 -- vs2017 -- 2017-10-15\darkgdk - unofficial r114.2017.10.15(full source)\darkgdk\code\compiler - visual studio 9\core\debug\renderlist.obj
c:\program files (x86)\the game creators\unofficial r114 -- vs2017 -- 2017-10-15\darkgdk - unofficial r114.2017.10.15(full source)\darkgdk\code\compiler - visual studio 9\core\debug\globstruct.obj
c:\program files (x86)\the game creators\unofficial r114 -- vs2017 -- 2017-10-15\darkgdk - unofficial r114.2017.10.15(full source)\darkgdk\code\compiler - visual studio 9\core\debug\dbdllgdi.obj
c:\program files (x86)\the game creators\unofficial r114 -- vs2017 -- 2017-10-15\darkgdk - unofficial r114.2017.10.15(full source)\darkgdk\code\compiler - visual studio 9\core\debug\dbdllextcalls.obj
c:\program files (x86)\the game creators\unofficial r114 -- vs2017 -- 2017-10-15\darkgdk - unofficial r114.2017.10.15(full source)\darkgdk\code\compiler - visual studio 9\core\debug\dbdllext.obj
c:\program files (x86)\the game creators\unofficial r114 -- vs2017 -- 2017-10-15\darkgdk - unofficial r114.2017.10.15(full source)\darkgdk\code\compiler - visual studio 9\core\debug\dbdlldisplay.obj
c:\program files (x86)\the game creators\unofficial r114 -- vs2017 -- 2017-10-15\darkgdk - unofficial r114.2017.10.15(full source)\darkgdk\code\compiler - visual studio 9\core\debug\dbdllcoreinternal.obj
c:\program files (x86)\the game creators\unofficial r114 -- vs2017 -- 2017-10-15\darkgdk - unofficial r114.2017.10.15(full source)\darkgdk\code\compiler - visual studio 9\core\debug\dbdllcore.obj
c:\program files (x86)\the game creators\unofficial r114 -- vs2017 -- 2017-10-15\darkgdk - unofficial r114.2017.10.15(full source)\darkgdk\code\lib\vs9debug\core.lib
c:\program files (x86)\the game creators\unofficial r114 -- vs2017 -- 2017-10-15\darkgdk - unofficial r114.2017.10.15(full source)\darkgdk\code\compiler - visual studio 9\core\debug\core.tlog\bscmake.command.1.tlog
c:\program files (x86)\the game creators\unofficial r114 -- vs2017 -- 2017-10-15\darkgdk - unofficial r114.2017.10.15(full source)\darkgdk\code\compiler - visual studio 9\core\debug\core.tlog\bscmake.read.1.tlog
c:\program files (x86)\the game creators\unofficial r114 -- vs2017 -- 2017-10-15\darkgdk - unofficial r114.2017.10.15(full source)\darkgdk\code\compiler - visual studio 9\core\debug\core.tlog\bscmake.write.1.tlog
c:\program files (x86)\the game creators\unofficial r114 -- vs2017 -- 2017-10-15\darkgdk - unofficial r114.2017.10.15(full source)\darkgdk\code\compiler - visual studio 9\core\debug\core.tlog\cl.command.1.tlog
c:\program files (x86)\the game creators\unofficial r114 -- vs2017 -- 2017-10-15\darkgdk - unofficial r114.2017.10.15(full source)\darkgdk\code\compiler - visual studio 9\core\debug\core.tlog\cl.read.1.tlog
c:\program files (x86)\the game creators\unofficial r114 -- vs2017 -- 2017-10-15\darkgdk - unofficial r114.2017.10.15(full source)\darkgdk\code\compiler - visual studio 9\core\debug\core.tlog\cl.write.1.tlog
c:\program files (x86)\the game creators\unofficial r114 -- vs2017 -- 2017-10-15\darkgdk - unofficial r114.2017.10.15(full source)\darkgdk\code\compiler - visual studio 9\core\debug\core.tlog\lib-link.read.1.tlog
c:\program files (x86)\the game creators\unofficial r114 -- vs2017 -- 2017-10-15\darkgdk - unofficial r114.2017.10.15(full source)\darkgdk\code\compiler - visual studio 9\core\debug\core.tlog\lib-link.write.1.tlog
c:\program files (x86)\the game creators\unofficial r114 -- vs2017 -- 2017-10-15\darkgdk - unofficial r114.2017.10.15(full source)\darkgdk\code\compiler - visual studio 9\core\debug\core.tlog\lib.command.1.tlog
